<?xml version="1.0" encoding="UTF-8"?>
<testng-results skipped="0" failed="0" ignored="0" total="7" passed="7">
  <reporter-output>
  </reporter-output>
  <suite name="Default Suite" duration-ms="28485" started-at="2021-05-06T17:07:15 IST" finished-at="2021-05-06T17:07:44 IST">
    <groups>
    </groups>
    <test name="training" duration-ms="28485" started-at="2021-05-06T17:07:15 IST" finished-at="2021-05-06T17:07:44 IST">
      <class name="com.codecraft.training.TapTest">
        <test-method status="PASS" signature="setup()[pri:0, instance:com.codecraft.training.TapTest@1d29cf23]" name="setup" is-config="true" duration-ms="14960" started-at="2021-05-06T17:07:15 IST" finished-at="2021-05-06T17:07:30 IST">
          <reporter-output>
          </reporter-output>
        </test-method> <!-- setup -->
        <test-method status="PASS" signature="init()[pri:0, instance:com.codecraft.training.TapTest@1d29cf23]" name="init" is-config="true" duration-ms="220" started-at="2021-05-06T17:07:30 IST" finished-at="2021-05-06T17:07:31 IST">
          <reporter-output>
          </reporter-output>
        </test-method> <!-- init -->
        <test-method status="PASS" signature="tapTestcase(java.lang.String)[pri:0, instance:com.codecraft.training.TapTest@1d29cf23]" name="tapTestcase" duration-ms="2692" started-at="2021-05-06T17:07:31 IST" data-provider="input" finished-at="2021-05-06T17:07:33 IST">
          <params>
            <param index="0">
              <value>
                <![CDATA[Ostan]]>
              </value>
            </param>
          </params>
          <reporter-output>
          </reporter-output>
        </test-method> <!-- tapTestcase -->
        <test-method status="PASS" signature="tapTestcase(java.lang.String)[pri:0, instance:com.codecraft.training.TapTest@1d29cf23]" name="tapTestcase" duration-ms="1517" started-at="2021-05-06T17:07:33 IST" data-provider="input" finished-at="2021-05-06T17:07:35 IST">
          <params>
            <param index="0">
              <value>
                <![CDATA[Asmit]]>
              </value>
            </param>
          </params>
          <reporter-output>
          </reporter-output>
        </test-method> <!-- tapTestcase -->
        <test-method status="PASS" signature="tapTestcase(java.lang.String)[pri:0, instance:com.codecraft.training.TapTest@1d29cf23]" name="tapTestcase" duration-ms="1506" started-at="2021-05-06T17:07:35 IST" data-provider="input" finished-at="2021-05-06T17:07:36 IST">
          <params>
            <param index="0">
              <value>
                <![CDATA[Suma]]>
              </value>
            </param>
          </params>
          <reporter-output>
          </reporter-output>
        </test-method> <!-- tapTestcase -->
        <test-method status="PASS" signature="tapTestcase(java.lang.String)[pri:0, instance:com.codecraft.training.TapTest@1d29cf23]" name="tapTestcase" duration-ms="1924" started-at="2021-05-06T17:07:36 IST" data-provider="input" finished-at="2021-05-06T17:07:38 IST">
          <params>
            <param index="0">
              <value>
                <![CDATA[Harish]]>
              </value>
            </param>
          </params>
          <reporter-output>
          </reporter-output>
        </test-method> <!-- tapTestcase -->
        <test-method status="PASS" signature="tapTestcase(java.lang.String)[pri:0, instance:com.codecraft.training.TapTest@1d29cf23]" name="tapTestcase" duration-ms="1570" started-at="2021-05-06T17:07:38 IST" data-provider="input" finished-at="2021-05-06T17:07:40 IST">
          <params>
            <param index="0">
              <value>
                <![CDATA[Supreetha]]>
              </value>
            </param>
          </params>
          <reporter-output>
          </reporter-output>
        </test-method> <!-- tapTestcase -->
        <test-method status="PASS" signature="tapTestcase(java.lang.String)[pri:0, instance:com.codecraft.training.TapTest@1d29cf23]" name="tapTestcase" duration-ms="1450" started-at="2021-05-06T17:07:40 IST" data-provider="input" finished-at="2021-05-06T17:07:41 IST">
          <params>
            <param index="0">
              <value>
                <![CDATA[jatindra]]>
              </value>
            </param>
          </params>
          <reporter-output>
          </reporter-output>
        </test-method> <!-- tapTestcase -->
        <test-method status="PASS" signature="tapTestcase(java.lang.String)[pri:0, instance:com.codecraft.training.TapTest@1d29cf23]" name="tapTestcase" duration-ms="1429" started-at="2021-05-06T17:07:41 IST" data-provider="input" finished-at="2021-05-06T17:07:43 IST">
          <params>
            <param index="0">
              <value>
                <![CDATA[parinitha]]>
              </value>
            </param>
          </params>
          <reporter-output>
          </reporter-output>
        </test-method> <!-- tapTestcase -->
        <test-method status="PASS" signature="tearDown()[pri:0, instance:com.codecraft.training.TapTest@1d29cf23]" name="tearDown" is-config="true" duration-ms="1176" started-at="2021-05-06T17:07:43 IST" finished-at="2021-05-06T17:07:44 IST">
          <reporter-output>
          </reporter-output>
        </test-method> <!-- tearDown -->
      </class> <!-- com.codecraft.training.TapTest -->
    </test> <!-- training -->
  </suite> <!-- Default Suite -->
</testng-results>
