<?xml version="1.0" encoding="UTF-8"?>
<!-- Generated by org.testng.reporters.JUnitXMLReporter -->
<testsuite hostname="OstanDsouza-iMac.local" ignored="0" name="training" tests="7" failures="0" timestamp="2021-05-06T17:07:44 IST" time="28.485" errors="0">
  <testcase name="tapTestcase" time="2.692" classname="com.codecraft.training.TapTest"/>
  <testcase name="tapTestcase" time="1.517" classname="com.codecraft.training.TapTest"/>
  <testcase name="tapTestcase" time="1.506" classname="com.codecraft.training.TapTest"/>
  <testcase name="tapTestcase" time="1.924" classname="com.codecraft.training.TapTest"/>
  <testcase name="tapTestcase" time="1.57" classname="com.codecraft.training.TapTest"/>
  <testcase name="tapTestcase" time="1.45" classname="com.codecraft.training.TapTest"/>
  <testcase name="tapTestcase" time="1.429" classname="com.codecraft.training.TapTest"/>
</testsuite> <!-- training -->
